<?xml version="1.0" encoding="UTF-8"?>
<!-- Generated by org.testng.reporters.JUnitReportReporter -->
<testsuite name="sdettraining.week3.day5.DDT_DB_ShoppingCart" tests="1" time="60.164" ignored="0" failures="0" timestamp="21 Apr 2017 16:08:19 GMT" skipped="0" hostname="Dell-PC" errors="0">
  <testcase name="tc_End2EndShoppingCart_Test" time="60.164" classname="sdettraining.week3.day5.DDT_DB_ShoppingCart"/>
</testsuite> <!-- sdettraining.week3.day5.DDT_DB_ShoppingCart -->
