<?xml version="1.0" encoding="UTF-8"?>
<!-- Generated by org.testng.reporters.JUnitReportReporter -->
<testsuite name="sdettraining.week3.day5.D5_001b_ReadDataFromExcel_ShoppingCart" tests="1" time="71.084" ignored="0" failures="0" timestamp="20 Apr 2017 02:23:56 GMT" skipped="0" hostname="Dell-PC" errors="0">
  <testcase name="tc_shoppingCartTesting" time="71.084" classname="sdettraining.week3.day5.D5_001b_ReadDataFromExcel_ShoppingCart"/>
</testsuite> <!-- sdettraining.week3.day5.D5_001b_ReadDataFromExcel_ShoppingCart -->
