<?xml version="1.0" encoding="UTF-8"?>
<!-- Generated by org.testng.reporters.JUnitReportReporter -->
<testsuite name="sdettraining.week3.day5.D1_001a_" tests="4" time="89.347" ignored="0" failures="0" timestamp="08 Apr 2017 16:55:02 GMT" skipped="0" hostname="Dell-PC" errors="0">
  <testcase name="tc_shoppingCartTesting" time="22.842" classname="sdettraining.week3.day5.D1_001a_"/>
  <testcase name="tc_shoppingCartTesting" time="22.025" classname="sdettraining.week3.day5.D1_001a_"/>
  <testcase name="tc_shoppingCartTesting" time="20.747" classname="sdettraining.week3.day5.D1_001a_"/>
  <testcase name="tc_shoppingCartTesting" time="23.733" classname="sdettraining.week3.day5.D1_001a_"/>
</testsuite> <!-- sdettraining.week3.day5.D1_001a_ -->
