<?xml version="1.0" encoding="UTF-8"?>
<!-- Generated by org.testng.reporters.JUnitReportReporter -->
<testsuite name="sdettraining.week3.day3.D3_001a_testNG_DataProvider_ShoppingCart" tests="4" time="39.373" ignored="0" failures="0" timestamp="19 Apr 2017 18:39:49 GMT" skipped="0" hostname="Dell-PC" errors="0">
  <testcase name="tc_shoppingCartTesting" time="10.781" classname="sdettraining.week3.day3.D3_001a_testNG_DataProvider_ShoppingCart"/>
  <testcase name="tc_shoppingCartTesting" time="9.592" classname="sdettraining.week3.day3.D3_001a_testNG_DataProvider_ShoppingCart"/>
  <testcase name="tc_shoppingCartTesting" time="9.398" classname="sdettraining.week3.day3.D3_001a_testNG_DataProvider_ShoppingCart"/>
  <testcase name="tc_shoppingCartTesting" time="9.602" classname="sdettraining.week3.day3.D3_001a_testNG_DataProvider_ShoppingCart"/>
</testsuite> <!-- sdettraining.week3.day3.D3_001a_testNG_DataProvider_ShoppingCart -->
