<?xml version="1.0" encoding="UTF-8"?>
<!-- Generated by org.testng.reporters.JUnitReportReporter -->
<testsuite name="sdettraining.week3.day5.D5_004_Saucelab_Cloud" tests="5" time="150.484" ignored="0" failures="0" timestamp="15 Apr 2017 01:47:42 GMT" skipped="0" hostname="Dell-PC" errors="0">
  <testcase name="tc_shoppingCartTesting" time="38.440" classname="sdettraining.week3.day5.D5_004_Saucelab_Cloud"/>
  <testcase name="tc_shoppingCartTesting" time="38.751" classname="sdettraining.week3.day5.D5_004_Saucelab_Cloud"/>
  <testcase name="tc_shoppingCartTesting" time="35.935" classname="sdettraining.week3.day5.D5_004_Saucelab_Cloud"/>
  <testcase name="tc_SdetTraining_HomePage" time="0.009" classname="sdettraining.week3.day5.D5_004_Saucelab_Cloud"/>
  <testcase name="tc_shoppingCartTesting" time="37.349" classname="sdettraining.week3.day5.D5_004_Saucelab_Cloud"/>
</testsuite> <!-- sdettraining.week3.day5.D5_004_Saucelab_Cloud -->
