<?xml version="1.0" encoding="UTF-8"?>
<!-- Generated by org.testng.reporters.JUnitReportReporter -->
<testsuite name="sdettraining.week3.day5.D1_001b_" tests="1" time="70.885" ignored="0" failures="0" timestamp="08 Apr 2017 16:55:02 GMT" skipped="0" hostname="Dell-PC" errors="0">
  <testcase name="tc_shoppingCartTesting" time="70.885" classname="sdettraining.week3.day5.D1_001b_"/>
</testsuite> <!-- sdettraining.week3.day5.D1_001b_ -->
