<?xml version="1.0" encoding="UTF-8"?>
<!-- Generated by org.testng.reporters.JUnitReportReporter -->
<testsuite name="sdettraining.week3.day5.D1_002_" tests="4" time="80.013" ignored="0" failures="0" timestamp="07 Apr 2017 03:52:07 GMT" skipped="0" hostname="Dell-PC" errors="0">
  <testcase name="tc_shoppingCartTesting" time="21.284" classname="sdettraining.week3.day5.D1_002_"/>
  <testcase name="tc_shoppingCartTesting" time="18.730" classname="sdettraining.week3.day5.D1_002_"/>
  <testcase name="tc_shoppingCartTesting" time="19.822" classname="sdettraining.week3.day5.D1_002_"/>
  <testcase name="tc_shoppingCartTesting" time="20.177" classname="sdettraining.week3.day5.D1_002_"/>
</testsuite> <!-- sdettraining.week3.day5.D1_002_ -->
