<?xml version="1.0" encoding="UTF-8"?>
<!-- Generated by org.testng.reporters.JUnitReportReporter -->
<testsuite name="sdettraining.week3.day4.D4_001c_ReadFromXML_ShoppingCart" tests="1" time="7.018" ignored="0" failures="0" timestamp="20 Apr 2017 05:52:45 GMT" skipped="0" hostname="Dell-PC" errors="0">
  <testcase name="tc_ReadLocatorsFromObjectRepository" time="7.018" classname="sdettraining.week3.day4.D4_001c_ReadFromXML_ShoppingCart"/>
</testsuite> <!-- sdettraining.week3.day4.D4_001c_ReadFromXML_ShoppingCart -->
