<?xml version="1.0" encoding="UTF-8"?>
<!-- Generated by org.testng.reporters.JUnitReportReporter -->
<testsuite name="sdettraining.week3.day4.D4_001b_ReadDataFromExcel_ShoppingCart" tests="1" time="45.893" ignored="0" failures="0" timestamp="20 Apr 2017 21:00:49 GMT" skipped="0" hostname="Dell-PC" errors="0">
  <testcase name="tc_shoppingCartTesting" time="45.893" classname="sdettraining.week3.day4.D4_001b_ReadDataFromExcel_ShoppingCart"/>
</testsuite> <!-- sdettraining.week3.day4.D4_001b_ReadDataFromExcel_ShoppingCart -->
