<?xml version="1.0" encoding="UTF-8"?>
<!-- Generated by org.testng.reporters.JUnitReportReporter -->
<testsuite name="sdettraining.week3.day5.D5_001a_testNG_DataProvider_ShoppingCart" tests="4" time="91.275" ignored="0" failures="0" timestamp="15 Apr 2017 01:27:32 GMT" skipped="0" hostname="Dell-PC" errors="0">
  <testcase name="tc_shoppingCartTesting" time="21.673" classname="sdettraining.week3.day5.D5_001a_testNG_DataProvider_ShoppingCart"/>
  <testcase name="tc_shoppingCartTesting" time="25.026" classname="sdettraining.week3.day5.D5_001a_testNG_DataProvider_ShoppingCart"/>
  <testcase name="tc_shoppingCartTesting" time="22.976" classname="sdettraining.week3.day5.D5_001a_testNG_DataProvider_ShoppingCart"/>
  <testcase name="tc_shoppingCartTesting" time="21.600" classname="sdettraining.week3.day5.D5_001a_testNG_DataProvider_ShoppingCart"/>
</testsuite> <!-- sdettraining.week3.day5.D5_001a_testNG_DataProvider_ShoppingCart -->
